<?xml version="1.0" encoding="UTF-8"?>
<!-- Generated by org.testng.reporters.JUnitReportReporter -->
<testsuite hostname="PayamComputer" failures="0" tests="1" name="com.mavenTestNG.BaseClass" time="3.470" errors="0" timestamp="29 Dec 2018 16:06:38 GMT" skipped="0">
  <testcase classname="com.mavenTestNG.BaseClass" name="setUp" time="3.470"/>
</testsuite> <!-- com.mavenTestNG.BaseClass -->
